<?xml version="1.0" encoding="UTF-8"?>
<testsuite xmlns:xsi="http://www.w3.org/2001/XMLSchema-instance" xsi:noNamespaceSchemaLocation="https://maven.apache.org/surefire/maven-surefire-plugin/xsd/surefire-test-report.xsd" name="com.codec.RobotTest" time="0.23" tests="7" errors="0" skipped="0" failures="0">
  <properties>
    <property name="sun.desktop" value="windows"/>
    <property name="awt.toolkit" value="sun.awt.windows.WToolkit"/>
    <property name="java.specification.version" value="11"/>
    <property name="sun.cpu.isalist" value="amd64"/>
    <property name="sun.jnu.encoding" value="Cp1252"/>
    <property name="java.class.path" value="C:\Users\MZTLG2\robot\robot\target\test-classes;C:\Users\MZTLG2\robot\robot\target\classes;C:\Users\MZTLG2\.m2\repository\junit\junit\4.11\junit-4.11.jar;C:\Users\MZTLG2\.m2\repository\org\hamcrest\hamcrest-core\1.3\hamcrest-core-1.3.jar;"/>
    <property name="java.vm.vendor" value="GraalVM Community"/>
    <property name="sun.arch.data.model" value="64"/>
    <property name="user.variant" value=""/>
    <property name="java.vendor.url" value="https://www.graalvm.org/"/>
    <property name="user.timezone" value="Europe/London"/>
    <property name="java.vm.specification.version" value="11"/>
    <property name="os.name" value="Windows 10"/>
    <property name="sun.java.launcher" value="SUN_STANDARD"/>
    <property name="user.country" value="GB"/>
    <property name="sun.boot.library.path" value="c:\Users\MZTLG2\Documents\Local Env\repos\Full Stack App\graalvm-ce-java11-23.0.0-dev\bin"/>
    <property name="sun.java.command" value="C:\Users\MZTLG2\AppData\Local\Temp\surefire14877712878303778542\surefirebooter11914379084126516249.jar C:\Users\MZTLG2\AppData\Local\Temp\surefire14877712878303778542 2022-11-23T18-02-53_401-jvmRun1 surefire18193968172211870892tmp surefire_013422865849862922988tmp"/>
    <property name="jdk.debug" value="release"/>
    <property name="surefire.test.class.path" value="C:\Users\MZTLG2\robot\robot\target\test-classes;C:\Users\MZTLG2\robot\robot\target\classes;C:\Users\MZTLG2\.m2\repository\junit\junit\4.11\junit-4.11.jar;C:\Users\MZTLG2\.m2\repository\org\hamcrest\hamcrest-core\1.3\hamcrest-core-1.3.jar;"/>
    <property name="sun.cpu.endian" value="little"/>
    <property name="user.home" value="C:\Users\MZTLG2"/>
    <property name="user.language" value="en"/>
    <property name="java.specification.vendor" value="Oracle Corporation"/>
    <property name="java.version.date" value="2022-10-18"/>
    <property name="java.home" value="c:\Users\MZTLG2\Documents\Local Env\repos\Full Stack App\graalvm-ce-java11-23.0.0-dev"/>
    <property name="file.separator" value="\"/>
    <property name="basedir" value="C:\Users\MZTLG2\robot\robot"/>
    <property name="java.vm.compressedOopsMode" value="Zero based"/>
    <property name="line.separator" value="&#10;"/>
    <property name="jdk.internal.vm.ci.enabled" value="true"/>
    <property name="java.specification.name" value="Java Platform API Specification"/>
    <property name="java.vm.specification.vendor" value="Oracle Corporation"/>
    <property name="java.awt.graphicsenv" value="sun.awt.Win32GraphicsEnvironment"/>
    <property name="surefire.real.class.path" value="C:\Users\MZTLG2\AppData\Local\Temp\surefire14877712878303778542\surefirebooter11914379084126516249.jar"/>
    <property name="user.script" value=""/>
    <property name="sun.management.compiler" value="HotSpot 64-Bit Tiered Compilers"/>
    <property name="java.runtime.version" value="11.0.17+6-jvmci-23.0-b01"/>
    <property name="user.name" value="MZTLG2"/>
    <property name="path.separator" value=";"/>
    <property name="os.version" value="10.0"/>
    <property name="java.runtime.name" value="OpenJDK Runtime Environment"/>
    <property name="file.encoding" value="Cp1252"/>
    <property name="java.vm.name" value="OpenJDK 64-Bit Server VM"/>
    <property name="java.vendor.version" value="GraalVM CE 23.0.0-dev"/>
    <property name="localRepository" value="C:\Users\MZTLG2\.m2\repository"/>
    <property name="java.vendor.url.bug" value="https://github.com/oracle/graal/issues"/>
    <property name="java.io.tmpdir" value="C:\Users\MZTLG2\AppData\Local\Temp\"/>
    <property name="java.version" value="11.0.17"/>
    <property name="user.dir" value="C:\Users\MZTLG2\robot\robot"/>
    <property name="os.arch" value="amd64"/>
    <property name="java.vm.specification.name" value="Java Virtual Machine Specification"/>
    <property name="java.awt.printerjob" value="sun.awt.windows.WPrinterJob"/>
    <property name="sun.os.patch.level" value=""/>
    <property name="java.library.path" value="c:\Users\MZTLG2\Documents\Local Env\repos\Full Stack App\graalvm-ce-java11-23.0.0-dev\bin;C:\WINDOWS\Sun\Java\bin;C:\WINDOWS\system32;C:\WINDOWS;c:\Users\MZTLG2\Documents\Local Env\repos\Full Stack App\graalvm-ce-java11-23.0.0-dev\bin;C:\Program Files (x86)\Common Files\Oracle\Java\javapath;C:\Program Files\Python310\Scripts\;C:\Program Files\Python310\;C:\Program Files\Eclipse Foundation\jdk-16.0.2.7-hotspot\bin;C:\ProgramData\Oracle\Java\javapath;C:\WINDOWS\system32;C:\WINDOWS;C:\WINDOWS\System32\Wbem;C:\WINDOWS\System32\WindowsPowerShell\v1.0\;C:\WINDOWS\System32\OpenSSH\;C:\Program Files\1E\Client\Extensibility\NomadBranch;C:\Program Files (x86)\Windows Kits\10\Windows Performance Toolkit\;C:\Program Files\Microsoft VS Code\bin;C:\Program Files\apache-maven-3.5.4\bin;C:\Program Files\dotnet\;C:\Program Files\nodejs\;C:\minikube;C:\Program Files\Docker\Docker\resources\bin;C:\Users\MZTLG2\scoop\shims;C:\Users\MZTLG2\AppData\Local\Microsoft\WindowsApps;C:\Users\MZTLG2\AppData\Local\Programs\Git\cmd;C:\Users\MZTLG2\.dotnet\tools;C:\Users\MZTLG2\AppData\Local\GitHubDesktop\bin;C:\Users\MZTLG2\AppData\Roaming\npm;;."/>
    <property name="java.vm.info" value="mixed mode, sharing"/>
    <property name="java.vendor" value="GraalVM Community"/>
    <property name="java.vm.version" value="11.0.17+6-jvmci-23.0-b01"/>
    <property name="sun.io.unicode.encoding" value="UnicodeLittle"/>
    <property name="java.class.version" value="55.0"/>
  </properties>
  <testcase name="shouldMoveForwardWhenInEast" classname="com.codec.RobotTest" time="0.029"/>
  <testcase name="shouldMoveForwardWhenInWest" classname="com.codec.RobotTest" time="0"/>
  <testcase name="shouldTurnRight" classname="com.codec.RobotTest" time="0"/>
  <testcase name="shouldTurnLeft" classname="com.codec.RobotTest" time="0"/>
  <testcase name="shouldMoveForwardWhenInNorth" classname="com.codec.RobotTest" time="0"/>
  <testcase name="shouldMoveForwardWhenInSouth" classname="com.codec.RobotTest" time="0"/>
  <testcase name="shouldNavigateAsExpected" classname="com.codec.RobotTest" time="0"/>
</testsuite>